c:\users\81228\documents\visual studio 2015\projects\opengl_3d\opengldrawing\debug\opengldrawing.pch
c:\users\81228\documents\visual studio 2015\projects\opengl_3d\opengldrawing\debug\vc140.pdb
c:\users\81228\documents\visual studio 2015\projects\opengl_3d\opengldrawing\debug\vc140.idb
c:\users\81228\documents\visual studio 2015\projects\opengl_3d\opengldrawing\debug\stdafx.obj
c:\users\81228\documents\visual studio 2015\projects\opengl_3d\opengldrawing\debug\mainfrm.obj
c:\users\81228\documents\visual studio 2015\projects\opengl_3d\opengldrawing\debug\opengldrawing.obj
c:\users\81228\documents\visual studio 2015\projects\opengl_3d\opengldrawing\debug\opengldrawingdoc.obj
c:\users\81228\documents\visual studio 2015\projects\opengl_3d\opengldrawing\debug\opengldrawingview.obj
c:\users\81228\documents\visual studio 2015\projects\opengl_3d\debug\opengldrawing.ilk
c:\users\81228\documents\visual studio 2015\projects\opengl_3d\debug\opengldrawing.exe
c:\users\81228\documents\visual studio 2015\projects\opengl_3d\debug\opengldrawing.pdb
c:\users\81228\documents\visual studio 2015\projects\opengl_3d\opengldrawing\debug\opengldrawing.res
c:\users\81228\documents\visual studio 2015\projects\opengl_3d\opengldrawing\debug\opengldrawing.tlog\cl.command.1.tlog
c:\users\81228\documents\visual studio 2015\projects\opengl_3d\opengldrawing\debug\opengldrawing.tlog\cl.read.1.tlog
c:\users\81228\documents\visual studio 2015\projects\opengl_3d\opengldrawing\debug\opengldrawing.tlog\cl.write.1.tlog
c:\users\81228\documents\visual studio 2015\projects\opengl_3d\opengldrawing\debug\opengldrawing.tlog\link.command.1.tlog
c:\users\81228\documents\visual studio 2015\projects\opengl_3d\opengldrawing\debug\opengldrawing.tlog\link.read.1.tlog
c:\users\81228\documents\visual studio 2015\projects\opengl_3d\opengldrawing\debug\opengldrawing.tlog\link.write.1.tlog
c:\users\81228\documents\visual studio 2015\projects\opengl_3d\opengldrawing\debug\opengldrawing.tlog\rc.command.1.tlog
c:\users\81228\documents\visual studio 2015\projects\opengl_3d\opengldrawing\debug\opengldrawing.tlog\rc.read.1.tlog
c:\users\81228\documents\visual studio 2015\projects\opengl_3d\opengldrawing\debug\opengldrawing.tlog\rc.write.1.tlog
